<?xml version="1.0" encoding="UTF-8"?>
<testng-results skipped="0" failed="0" total="1" passed="1">
  <reporter-output>
  </reporter-output>
  <suite name="Default suite" duration-ms="41028" started-at="2025-09-18T15:03:34Z" finished-at="2025-09-18T15:04:15Z">
    <groups>
    </groups>
    <test name="Default test" duration-ms="41028" started-at="2025-09-18T15:03:34Z" finished-at="2025-09-18T15:04:15Z">
      <class name="com.selenium.BrokenLinks.BrokenLinks">
        <test-method status="PASS" signature="checkbrokenLinks()[pri:0, instance:com.selenium.BrokenLinks.BrokenLinks@4cdbe50f]" name="checkbrokenLinks" duration-ms="41014" started-at="2025-09-18T20:33:34Z" finished-at="2025-09-18T20:34:15Z">
          <reporter-output>
          </reporter-output>
        </test-method> <!-- checkbrokenLinks -->
      </class> <!-- com.selenium.BrokenLinks.BrokenLinks -->
    </test> <!-- Default test -->
  </suite> <!-- Default suite -->
</testng-results>
