<?xml version="1.0" encoding="UTF-8"?>
<!-- Generated by org.testng.reporters.JUnitReportReporter -->
<testsuite hostname="ANANDASBEASTLAPTOP" name="com.selenium.parallelExecution.SimpleParallel_Launch" tests="2" failures="0" timestamp="11 Sep 2025 13:47:21 GMT" time="151.605" errors="0">
  <testcase name="test001" time="86.309" classname="com.selenium.parallelExecution.SimpleParallel_Launch"/>
  <testcase name="test002" time="65.296" classname="com.selenium.parallelExecution.SimpleParallel_Launch"/>
</testsuite> <!-- com.selenium.parallelExecution.SimpleParallel_Launch -->
