<?xml version="1.0" encoding="UTF-8"?>
<!-- Generated by org.testng.reporters.JUnitXMLReporter -->
<testsuite hostname="ANANDASBEASTLAPTOP" name="Default test(failed)(failed)" tests="2" failures="0" timestamp="10 Sep 2025 16:55:41 GMT" time="74.145" errors="0">
  <testcase name="test001" time="74.14" classname="com.selenium.parallelExecution.SimpleParallel_Launch"/>
  <testcase name="test002" time="0.002" classname="com.selenium.parallelExecution.SimpleParallel_Launch"/>
</testsuite> <!-- Default test(failed)(failed) -->
