<?xml version="1.0" encoding="UTF-8"?>
<!-- Generated by org.testng.reporters.JUnitXMLReporter -->
<testsuite hostname="ANANDASBEASTLAPTOP" name="Parallel Execution" tests="6" failures="0" timestamp="11 Sep 2025 12:45:26 GMT" time="0.026" errors="0">
  <testcase name="test001" time="0.01" classname="com.selenium.parallelExecution.SimpleParallel_Launch"/>
  <testcase name="test002" time="0.01" classname="com.selenium.parallelExecution.SimpleParallel_Launch"/>
  <testcase name="test003" time="0.0" classname="com.selenium.parallelExecution.SimpleParallel_Launch"/>
  <testcase name="test004" time="0.0" classname="com.selenium.parallelExecution.SimpleParallel_Launch"/>
  <testcase name="test005" time="0.0" classname="com.selenium.parallelExecution.SimpleParallel_Launch"/>
  <testcase name="test006" time="0.0" classname="com.selenium.parallelExecution.SimpleParallel_Launch"/>
</testsuite> <!-- Parallel Execution -->
